2026-01-14 05:24:02.621 +01:00 [INF] Application starting...
2026-01-14 05:24:02.837 +01:00 [INF] MainViewModel initialized
2026-01-14 05:24:03.900 +01:00 [INF] Application started successfully
2026-01-14 05:24:21.564 +01:00 [INF] Disconnecting from MT5 server
2026-01-14 05:24:21.564 +01:00 [INF] Disconnected from MT5 server
2026-01-14 05:29:51.858 +01:00 [INF] Application starting...
2026-01-14 05:29:52.125 +01:00 [INF] MainViewModel initialized
2026-01-14 05:29:52.561 +01:00 [INF] Application started successfully
2026-01-14 05:33:02.813 +01:00 [INF] Connecting to MT5 server 185.97.160.70:443 with login 5002166
2026-01-14 05:33:02.889 +01:00 [DBG] Connect progress: "SendLogin"
2026-01-14 05:33:02.953 +01:00 [DBG] Connect progress: "SendAccountPassword"
2026-01-14 05:33:02.956 +01:00 [DBG] Connect progress: "AcceptAuthorized"
2026-01-14 05:33:03.307 +01:00 [DBG] Connect progress: "RequestTradeInfo"
2026-01-14 05:33:03.527 +01:00 [DBG] Connect progress: "Connected"
2026-01-14 05:33:03.528 +01:00 [INF] Successfully connected to MT5 server
2026-01-14 05:33:03.528 +01:00 [INF] Available symbols (332): BBY.US, EMAAR.AE, AUDNZD.cl, CLH6.cl, MTCH.US, NZDUSD.cl, USDCAD.cl, MTB.US, BX.US, META.US, EZJ.UK, EURPLN.cl, AMZN.US, MET.US, USOIL.cl, BAYN.DE, DB1Gn.DE, AXP.US, ADS.DE, AML.UK
2026-01-14 05:33:03.528 +01:00 [INF] Connected. Available symbols: 332
2026-01-14 05:33:03.531 +01:00 [INF] Subscribing to symbol EURUSD.cl (actual: EURUSD.cl)
2026-01-14 05:33:03.534 +01:00 [INF] Subscribed to symbol EURUSD.cl
2026-01-14 05:33:03.534 +01:00 [INF] Subscribing to symbol GBPUSD.cl (actual: GBPUSD.cl)
2026-01-14 05:33:03.535 +01:00 [INF] Subscribed to symbol GBPUSD.cl
2026-01-14 05:33:03.535 +01:00 [INF] Subscribing to symbol XAUUSD.cl (actual: XAUUSD.cl)
2026-01-14 05:33:03.536 +01:00 [INF] Subscribed to symbol XAUUSD.cl
2026-01-14 05:33:03.536 +01:00 [INF] Subscribing to symbol USDJPY.cl (actual: USDJPY.cl)
2026-01-14 05:33:03.536 +01:00 [INF] Subscribed to symbol USDJPY.cl
2026-01-14 05:33:03.536 +01:00 [INF] Subscribing to symbol USOIL.cl (actual: USOIL.cl)
2026-01-14 05:33:03.537 +01:00 [INF] Subscribed to symbol USOIL.cl
2026-01-14 05:33:24.860 +01:00 [INF] Set base symbol to XAUUSD.cl
